[2023-02-02 08:56:25,247] DEBUG preRegister called. Server=com.sun.jmx.mbeanserver.JmxMBeanServer@66d3c617, name=log4j:logger=kafka.controller (kafka.controller)
[2023-02-02 08:56:55,302] INFO [ControllerEventThread controllerId=0] Starting (kafka.controller.ControllerEventManager$ControllerEventThread)
[2023-02-02 08:56:55,381] INFO [Controller id=0] 0 successfully elected as the controller. Epoch incremented to 52 and epoch zk version is now 52 (kafka.controller.KafkaController)
[2023-02-02 08:56:55,394] INFO [Controller id=0] Registering handlers (kafka.controller.KafkaController)
[2023-02-02 08:56:55,417] INFO [Controller id=0] Deleting log dir event notifications (kafka.controller.KafkaController)
[2023-02-02 08:56:55,428] INFO [Controller id=0] Deleting isr change notifications (kafka.controller.KafkaController)
[2023-02-02 08:56:55,436] INFO [Controller id=0] Initializing controller context (kafka.controller.KafkaController)
[2023-02-02 08:56:55,551] INFO [Controller id=0] Initialized broker epochs cache: Map(0 -> 1142) (kafka.controller.KafkaController)
[2023-02-02 08:56:55,689] DEBUG [Controller id=0] Register BrokerModifications handler for Set(0) (kafka.controller.KafkaController)
[2023-02-02 08:56:55,751] DEBUG [Channel manager on controller 0]: Controller 0 trying to connect to broker 0 (kafka.controller.ControllerChannelManager)
[2023-02-02 08:56:55,777] INFO [Controller id=0] Currently active brokers in the cluster: Set(0) (kafka.controller.KafkaController)
[2023-02-02 08:56:55,779] INFO [RequestSendThread controllerId=0] Starting (kafka.controller.RequestSendThread)
[2023-02-02 08:56:55,779] INFO [Controller id=0] Currently shutting brokers in the cluster: Set() (kafka.controller.KafkaController)
[2023-02-02 08:56:55,780] INFO [Controller id=0] Current list of topics in the cluster: Set(NewTopic, my-topic, test, TW_ANALYSIS, testtopic, topic, testing, TestTopic) (kafka.controller.KafkaController)
[2023-02-02 08:56:55,781] INFO [Controller id=0] Fetching topic deletions in progress (kafka.controller.KafkaController)
[2023-02-02 08:56:55,804] INFO [Controller id=0] List of topics to be deleted:  (kafka.controller.KafkaController)
[2023-02-02 08:56:55,805] INFO [Controller id=0] List of topics ineligible for deletion:  (kafka.controller.KafkaController)
[2023-02-02 08:56:55,806] INFO [Controller id=0] Initializing topic deletion manager (kafka.controller.KafkaController)
[2023-02-02 08:56:55,807] INFO [Topic Deletion Manager 0] Initializing manager with initial deletions: Set(), initial ineligible deletions: Set() (kafka.controller.TopicDeletionManager)
[2023-02-02 08:56:55,811] INFO [Controller id=0] Sending update metadata request (kafka.controller.KafkaController)
[2023-02-02 08:56:55,894] INFO [ReplicaStateMachine controllerId=0] Initializing replica state (kafka.controller.ZkReplicaStateMachine)
[2023-02-02 08:56:55,918] INFO [ReplicaStateMachine controllerId=0] Triggering online replica state changes (kafka.controller.ZkReplicaStateMachine)
[2023-02-02 08:56:55,922] INFO [RequestSendThread controllerId=0] Controller 0 connected to DESKTOP-7F6JER9:9092 (id: 0 rack: null) for sending state change requests (kafka.controller.RequestSendThread)
[2023-02-02 08:56:56,065] INFO [ReplicaStateMachine controllerId=0] Triggering offline replica state changes (kafka.controller.ZkReplicaStateMachine)
[2023-02-02 08:56:56,068] DEBUG [ReplicaStateMachine controllerId=0] Started replica state machine with initial state -> Map([Topic=topic,Partition=0,Replica=0] -> OnlineReplica, [Topic=TW_ANALYSIS,Partition=0,Replica=0] -> OnlineReplica, [Topic=TestTopic,Partition=0,Replica=0] -> OnlineReplica, [Topic=testing,Partition=0,Replica=0] -> OnlineReplica, [Topic=testtopic,Partition=0,Replica=0] -> OnlineReplica, [Topic=my-topic,Partition=0,Replica=0] -> OnlineReplica, [Topic=NewTopic,Partition=0,Replica=0] -> OnlineReplica, [Topic=test,Partition=0,Replica=0] -> OnlineReplica) (kafka.controller.ZkReplicaStateMachine)
[2023-02-02 08:56:56,069] INFO [PartitionStateMachine controllerId=0] Initializing partition state (kafka.controller.ZkPartitionStateMachine)
[2023-02-02 08:56:56,164] INFO [PartitionStateMachine controllerId=0] Triggering online partition state changes (kafka.controller.ZkPartitionStateMachine)
[2023-02-02 08:56:56,177] DEBUG [PartitionStateMachine controllerId=0] Started partition state machine with initial state -> Map(NewTopic-0 -> OnlinePartition, topic-0 -> OnlinePartition, TW_ANALYSIS-0 -> OnlinePartition, test-0 -> OnlinePartition, my-topic-0 -> OnlinePartition, testtopic-0 -> OnlinePartition, testing-0 -> OnlinePartition, TestTopic-0 -> OnlinePartition) (kafka.controller.ZkPartitionStateMachine)
[2023-02-02 08:56:56,178] INFO [Controller id=0] Ready to serve as the new controller with epoch 52 (kafka.controller.KafkaController)
[2023-02-02 08:56:56,203] INFO [Controller id=0] Partitions undergoing preferred replica election:  (kafka.controller.KafkaController)
[2023-02-02 08:56:56,204] INFO [Controller id=0] Partitions that completed preferred replica election:  (kafka.controller.KafkaController)
[2023-02-02 08:56:56,205] INFO [Controller id=0] Skipping preferred replica election for partitions due to topic deletion:  (kafka.controller.KafkaController)
[2023-02-02 08:56:56,206] INFO [Controller id=0] Resuming preferred replica election for partitions:  (kafka.controller.KafkaController)
[2023-02-02 08:56:56,210] INFO [Controller id=0] Starting replica leader election (PREFERRED) for partitions  triggered by ZkTriggered (kafka.controller.KafkaController)
[2023-02-02 08:56:56,297] INFO [Controller id=0] Starting the controller scheduler (kafka.controller.KafkaController)
[2023-02-02 08:57:01,311] INFO [Controller id=0] Processing automatic preferred replica leader election (kafka.controller.KafkaController)
[2023-02-02 08:57:01,313] TRACE [Controller id=0] Checking need to trigger auto leader balancing (kafka.controller.KafkaController)
[2023-02-02 08:57:01,326] DEBUG [Controller id=0] Topics not in preferred replica for broker 0 Map() (kafka.controller.KafkaController)
[2023-02-02 08:57:01,329] TRACE [Controller id=0] Leader imbalance ratio for broker 0 is 0.0 (kafka.controller.KafkaController)
[2023-02-02 09:02:01,334] INFO [Controller id=0] Processing automatic preferred replica leader election (kafka.controller.KafkaController)
[2023-02-02 09:02:01,399] TRACE [Controller id=0] Checking need to trigger auto leader balancing (kafka.controller.KafkaController)
[2023-02-02 09:02:01,402] DEBUG [Controller id=0] Topics not in preferred replica for broker 0 Map() (kafka.controller.KafkaController)
[2023-02-02 09:02:01,403] TRACE [Controller id=0] Leader imbalance ratio for broker 0 is 0.0 (kafka.controller.KafkaController)
[2023-02-02 09:07:01,496] INFO [Controller id=0] Processing automatic preferred replica leader election (kafka.controller.KafkaController)
[2023-02-02 09:07:01,501] TRACE [Controller id=0] Checking need to trigger auto leader balancing (kafka.controller.KafkaController)
[2023-02-02 09:07:01,507] DEBUG [Controller id=0] Topics not in preferred replica for broker 0 Map() (kafka.controller.KafkaController)
[2023-02-02 09:07:01,508] TRACE [Controller id=0] Leader imbalance ratio for broker 0 is 0.0 (kafka.controller.KafkaController)
[2023-02-02 09:12:01,525] INFO [Controller id=0] Processing automatic preferred replica leader election (kafka.controller.KafkaController)
[2023-02-02 09:12:01,531] TRACE [Controller id=0] Checking need to trigger auto leader balancing (kafka.controller.KafkaController)
[2023-02-02 09:12:01,548] DEBUG [Controller id=0] Topics not in preferred replica for broker 0 Map() (kafka.controller.KafkaController)
[2023-02-02 09:12:01,549] TRACE [Controller id=0] Leader imbalance ratio for broker 0 is 0.0 (kafka.controller.KafkaController)
[2023-02-02 09:17:01,600] INFO [Controller id=0] Processing automatic preferred replica leader election (kafka.controller.KafkaController)
[2023-02-02 09:17:01,607] TRACE [Controller id=0] Checking need to trigger auto leader balancing (kafka.controller.KafkaController)
[2023-02-02 09:17:01,621] DEBUG [Controller id=0] Topics not in preferred replica for broker 0 Map() (kafka.controller.KafkaController)
[2023-02-02 09:17:01,625] TRACE [Controller id=0] Leader imbalance ratio for broker 0 is 0.0 (kafka.controller.KafkaController)
