[2022-12-20 21:40:03,765] INFO Starting the log cleaner (kafka.log.LogCleaner)
[2022-12-20 21:40:04,191] INFO [kafka-log-cleaner-thread-0]: Starting (kafka.log.LogCleaner)
[2022-12-20 23:51:24,061] INFO Starting the log cleaner (kafka.log.LogCleaner)
[2022-12-20 23:51:24,404] INFO [kafka-log-cleaner-thread-0]: Starting (kafka.log.LogCleaner)
[2022-12-26 19:05:25,700] INFO Starting the log cleaner (kafka.log.LogCleaner)
[2022-12-26 19:05:26,024] INFO [kafka-log-cleaner-thread-0]: Starting (kafka.log.LogCleaner)
[2022-12-26 22:13:18,762] INFO Starting the log cleaner (kafka.log.LogCleaner)
[2022-12-26 22:13:19,226] INFO [kafka-log-cleaner-thread-0]: Starting (kafka.log.LogCleaner)
[2022-12-26 22:36:20,972] INFO Starting the log cleaner (kafka.log.LogCleaner)
[2022-12-26 22:36:21,266] INFO [kafka-log-cleaner-thread-0]: Starting (kafka.log.LogCleaner)
[2022-12-27 00:09:33,769] INFO Starting the log cleaner (kafka.log.LogCleaner)
[2022-12-27 00:09:33,908] INFO [kafka-log-cleaner-thread-0]: Starting (kafka.log.LogCleaner)
[2022-12-27 10:16:50,790] INFO Starting the log cleaner (kafka.log.LogCleaner)
[2022-12-27 10:16:51,126] INFO [kafka-log-cleaner-thread-0]: Starting (kafka.log.LogCleaner)
[2022-12-27 11:07:48,300] INFO Starting the log cleaner (kafka.log.LogCleaner)
[2022-12-27 11:07:48,596] INFO [kafka-log-cleaner-thread-0]: Starting (kafka.log.LogCleaner)
[2022-12-29 22:47:00,782] INFO Starting the log cleaner (kafka.log.LogCleaner)
[2022-12-29 22:47:01,114] INFO [kafka-log-cleaner-thread-0]: Starting (kafka.log.LogCleaner)
[2022-12-30 13:16:12,322] INFO Starting the log cleaner (kafka.log.LogCleaner)
[2022-12-30 13:16:12,646] INFO [kafka-log-cleaner-thread-0]: Starting (kafka.log.LogCleaner)
[2022-12-30 15:34:53,135] INFO Starting the log cleaner (kafka.log.LogCleaner)
[2022-12-30 15:34:53,456] INFO [kafka-log-cleaner-thread-0]: Starting (kafka.log.LogCleaner)
[2022-12-30 15:34:58,267] INFO Shutting down the log cleaner. (kafka.log.LogCleaner)
[2022-12-30 15:34:58,270] INFO [kafka-log-cleaner-thread-0]: Shutting down (kafka.log.LogCleaner)
[2022-12-30 15:34:58,271] INFO [kafka-log-cleaner-thread-0]: Stopped (kafka.log.LogCleaner)
[2022-12-30 15:34:58,272] INFO [kafka-log-cleaner-thread-0]: Shutdown completed (kafka.log.LogCleaner)
[2022-12-30 15:35:43,791] INFO Starting the log cleaner (kafka.log.LogCleaner)
[2022-12-30 15:35:44,049] INFO [kafka-log-cleaner-thread-0]: Starting (kafka.log.LogCleaner)
[2022-12-30 15:59:34,393] INFO Shutting down the log cleaner. (kafka.log.LogCleaner)
[2022-12-30 15:59:34,394] INFO [kafka-log-cleaner-thread-0]: Shutting down (kafka.log.LogCleaner)
[2022-12-30 15:59:34,396] INFO [kafka-log-cleaner-thread-0]: Stopped (kafka.log.LogCleaner)
[2022-12-30 15:59:34,396] INFO [kafka-log-cleaner-thread-0]: Shutdown completed (kafka.log.LogCleaner)
[2022-12-30 15:59:59,144] INFO Starting the log cleaner (kafka.log.LogCleaner)
[2022-12-30 15:59:59,420] INFO [kafka-log-cleaner-thread-0]: Starting (kafka.log.LogCleaner)
[2022-12-30 17:52:31,596] INFO Starting the log cleaner (kafka.log.LogCleaner)
[2022-12-30 17:52:31,781] INFO [kafka-log-cleaner-thread-0]: Starting (kafka.log.LogCleaner)
[2023-01-02 01:20:59,090] INFO Starting the log cleaner (kafka.log.LogCleaner)
[2023-01-02 01:20:59,407] INFO [kafka-log-cleaner-thread-0]: Starting (kafka.log.LogCleaner)
[2023-01-02 19:33:19,187] INFO Starting the log cleaner (kafka.log.LogCleaner)
[2023-01-02 19:33:19,526] INFO [kafka-log-cleaner-thread-0]: Starting (kafka.log.LogCleaner)
[2023-01-02 19:45:01,312] INFO Shutting down the log cleaner. (kafka.log.LogCleaner)
[2023-01-02 19:45:01,313] INFO [kafka-log-cleaner-thread-0]: Shutting down (kafka.log.LogCleaner)
[2023-01-02 19:45:01,314] INFO [kafka-log-cleaner-thread-0]: Stopped (kafka.log.LogCleaner)
[2023-01-02 19:45:01,314] INFO [kafka-log-cleaner-thread-0]: Shutdown completed (kafka.log.LogCleaner)
[2023-01-02 19:45:37,917] INFO Starting the log cleaner (kafka.log.LogCleaner)
[2023-01-02 19:45:38,304] INFO [kafka-log-cleaner-thread-0]: Starting (kafka.log.LogCleaner)
[2023-01-02 19:46:54,231] INFO Starting the log cleaner (kafka.log.LogCleaner)
[2023-01-02 19:46:54,554] INFO [kafka-log-cleaner-thread-0]: Starting (kafka.log.LogCleaner)
[2023-01-02 23:05:16,284] INFO Starting the log cleaner (kafka.log.LogCleaner)
[2023-01-02 23:05:16,624] INFO [kafka-log-cleaner-thread-0]: Starting (kafka.log.LogCleaner)
[2023-01-02 23:22:02,305] INFO Starting the log cleaner (kafka.log.LogCleaner)
[2023-01-02 23:22:02,560] INFO [kafka-log-cleaner-thread-0]: Starting (kafka.log.LogCleaner)
[2023-01-03 13:29:10,520] INFO Starting the log cleaner (kafka.log.LogCleaner)
[2023-01-03 13:29:10,920] INFO [kafka-log-cleaner-thread-0]: Starting (kafka.log.LogCleaner)
[2023-01-05 20:35:19,169] INFO Starting the log cleaner (kafka.log.LogCleaner)
[2023-01-05 20:35:19,456] INFO [kafka-log-cleaner-thread-0]: Starting (kafka.log.LogCleaner)
[2023-01-12 16:42:35,619] INFO Starting the log cleaner (kafka.log.LogCleaner)
[2023-01-12 16:42:35,786] INFO [kafka-log-cleaner-thread-0]: Starting (kafka.log.LogCleaner)
[2023-01-12 16:44:20,391] INFO Starting the log cleaner (kafka.log.LogCleaner)
[2023-01-12 16:44:20,693] INFO [kafka-log-cleaner-thread-0]: Starting (kafka.log.LogCleaner)
[2023-01-12 16:46:18,361] INFO Starting the log cleaner (kafka.log.LogCleaner)
[2023-01-12 16:46:18,505] INFO [kafka-log-cleaner-thread-0]: Starting (kafka.log.LogCleaner)
[2023-01-17 11:16:24,552] INFO Starting the log cleaner (kafka.log.LogCleaner)
[2023-01-17 11:16:24,929] INFO [kafka-log-cleaner-thread-0]: Starting (kafka.log.LogCleaner)
[2023-01-17 11:17:56,371] INFO Starting the log cleaner (kafka.log.LogCleaner)
[2023-01-17 11:17:56,636] INFO [kafka-log-cleaner-thread-0]: Starting (kafka.log.LogCleaner)
[2023-01-22 10:55:49,358] INFO Starting the log cleaner (kafka.log.LogCleaner)
[2023-01-22 10:55:49,608] INFO [kafka-log-cleaner-thread-0]: Starting (kafka.log.LogCleaner)
[2023-01-22 10:57:01,213] INFO Starting the log cleaner (kafka.log.LogCleaner)
[2023-01-22 10:57:01,433] INFO [kafka-log-cleaner-thread-0]: Starting (kafka.log.LogCleaner)
[2023-01-22 18:43:52,390] INFO Starting the log cleaner (kafka.log.LogCleaner)
[2023-01-22 18:43:52,646] INFO [kafka-log-cleaner-thread-0]: Starting (kafka.log.LogCleaner)
[2023-01-23 11:02:52,356] INFO Starting the log cleaner (kafka.log.LogCleaner)
[2023-01-23 11:02:52,893] INFO [kafka-log-cleaner-thread-0]: Starting (kafka.log.LogCleaner)
[2023-01-23 21:42:10,780] INFO Starting the log cleaner (kafka.log.LogCleaner)
[2023-01-23 21:42:11,069] INFO [kafka-log-cleaner-thread-0]: Starting (kafka.log.LogCleaner)
[2023-01-23 23:45:05,720] INFO Shutting down the log cleaner. (kafka.log.LogCleaner)
[2023-01-23 23:45:05,732] INFO [kafka-log-cleaner-thread-0]: Shutting down (kafka.log.LogCleaner)
[2023-01-23 23:45:05,733] INFO [kafka-log-cleaner-thread-0]: Shutdown completed (kafka.log.LogCleaner)
[2023-01-23 23:45:05,733] INFO [kafka-log-cleaner-thread-0]: Stopped (kafka.log.LogCleaner)
[2023-01-23 23:45:31,429] INFO Starting the log cleaner (kafka.log.LogCleaner)
[2023-01-23 23:45:31,562] INFO [kafka-log-cleaner-thread-0]: Starting (kafka.log.LogCleaner)
[2023-01-23 23:49:37,963] INFO Starting the log cleaner (kafka.log.LogCleaner)
[2023-01-23 23:49:38,230] INFO [kafka-log-cleaner-thread-0]: Starting (kafka.log.LogCleaner)
[2023-01-30 13:12:52,486] INFO Starting the log cleaner (kafka.log.LogCleaner)
[2023-01-30 13:12:52,808] INFO [kafka-log-cleaner-thread-0]: Starting (kafka.log.LogCleaner)
[2023-01-30 23:16:27,037] INFO Starting the log cleaner (kafka.log.LogCleaner)
[2023-01-30 23:16:27,425] INFO [kafka-log-cleaner-thread-0]: Starting (kafka.log.LogCleaner)
[2023-01-31 10:39:18,938] INFO Starting the log cleaner (kafka.log.LogCleaner)
[2023-01-31 10:39:19,351] INFO [kafka-log-cleaner-thread-0]: Starting (kafka.log.LogCleaner)
[2023-01-31 10:41:12,088] INFO Starting the log cleaner (kafka.log.LogCleaner)
[2023-01-31 10:41:12,373] INFO [kafka-log-cleaner-thread-0]: Starting (kafka.log.LogCleaner)
[2023-01-31 11:37:14,277] INFO Starting the log cleaner (kafka.log.LogCleaner)
[2023-01-31 11:37:14,733] INFO [kafka-log-cleaner-thread-0]: Starting (kafka.log.LogCleaner)
[2023-01-31 12:02:26,919] INFO Starting the log cleaner (kafka.log.LogCleaner)
[2023-01-31 12:02:27,200] INFO [kafka-log-cleaner-thread-0]: Starting (kafka.log.LogCleaner)
[2023-01-31 12:23:23,728] INFO Starting the log cleaner (kafka.log.LogCleaner)
[2023-01-31 12:23:23,901] INFO [kafka-log-cleaner-thread-0]: Starting (kafka.log.LogCleaner)
[2023-01-31 20:31:31,407] INFO Starting the log cleaner (kafka.log.LogCleaner)
[2023-01-31 20:31:31,943] INFO [kafka-log-cleaner-thread-0]: Starting (kafka.log.LogCleaner)
[2023-01-31 20:38:30,689] INFO Shutting down the log cleaner. (kafka.log.LogCleaner)
[2023-01-31 20:38:30,691] INFO [kafka-log-cleaner-thread-0]: Shutting down (kafka.log.LogCleaner)
[2023-01-31 20:38:30,698] INFO [kafka-log-cleaner-thread-0]: Stopped (kafka.log.LogCleaner)
[2023-01-31 20:38:30,699] INFO [kafka-log-cleaner-thread-0]: Shutdown completed (kafka.log.LogCleaner)
[2023-01-31 20:39:12,365] INFO Starting the log cleaner (kafka.log.LogCleaner)
[2023-01-31 20:39:12,513] INFO [kafka-log-cleaner-thread-0]: Starting (kafka.log.LogCleaner)
[2023-01-31 22:00:20,638] INFO Starting the log cleaner (kafka.log.LogCleaner)
[2023-01-31 22:00:20,939] INFO [kafka-log-cleaner-thread-0]: Starting (kafka.log.LogCleaner)
[2023-01-31 22:12:21,388] INFO Shutting down the log cleaner. (kafka.log.LogCleaner)
[2023-01-31 22:12:21,395] INFO [kafka-log-cleaner-thread-0]: Shutting down (kafka.log.LogCleaner)
[2023-01-31 22:12:21,396] INFO [kafka-log-cleaner-thread-0]: Stopped (kafka.log.LogCleaner)
[2023-01-31 22:12:21,396] INFO [kafka-log-cleaner-thread-0]: Shutdown completed (kafka.log.LogCleaner)
[2023-01-31 22:12:54,181] INFO Starting the log cleaner (kafka.log.LogCleaner)
[2023-01-31 22:12:54,635] INFO [kafka-log-cleaner-thread-0]: Starting (kafka.log.LogCleaner)
[2023-01-31 22:18:19,000] INFO Starting the log cleaner (kafka.log.LogCleaner)
[2023-01-31 22:18:19,173] INFO [kafka-log-cleaner-thread-0]: Starting (kafka.log.LogCleaner)
[2023-01-31 22:25:55,073] INFO Starting the log cleaner (kafka.log.LogCleaner)
[2023-01-31 22:25:55,321] INFO [kafka-log-cleaner-thread-0]: Starting (kafka.log.LogCleaner)
[2023-02-01 13:32:32,968] INFO Starting the log cleaner (kafka.log.LogCleaner)
[2023-02-01 13:32:33,499] INFO [kafka-log-cleaner-thread-0]: Starting (kafka.log.LogCleaner)
[2023-02-01 21:18:28,232] INFO Starting the log cleaner (kafka.log.LogCleaner)
[2023-02-01 21:18:28,605] INFO [kafka-log-cleaner-thread-0]: Starting (kafka.log.LogCleaner)
[2023-02-02 08:56:47,079] INFO Starting the log cleaner (kafka.log.LogCleaner)
[2023-02-02 08:56:47,392] INFO [kafka-log-cleaner-thread-0]: Starting (kafka.log.LogCleaner)
